<?xml version="1.0" encoding="UTF-8"?>
<testng-results ignored="0" total="1" passed="1" failed="0" skipped="0">
  <reporter-output>
  </reporter-output>
  <suite started-at="2023-11-07T23:43:08 IST" name="Default suite" finished-at="2023-11-07T23:44:35 IST" duration-ms="87491">
    <groups>
    </groups>
    <test started-at="2023-11-07T23:43:08 IST" name="Default test" finished-at="2023-11-07T23:44:35 IST" duration-ms="87491">
      <class name="Testpkg.testcls">
        <test-method is-config="true" signature="setup()[pri:0, instance:Testpkg.testcls@54c5a2ff]" started-at="2023-11-07T23:43:08 IST" name="setup" finished-at="2023-11-07T23:43:29 IST" duration-ms="21218" status="PASS">
          <reporter-output>
          </reporter-output>
        </test-method> <!-- setup -->
        <test-method signature="test()[pri:0, instance:Testpkg.testcls@54c5a2ff]" started-at="2023-11-07T23:43:29 IST" name="test" finished-at="2023-11-07T23:44:35 IST" duration-ms="65747" status="PASS">
          <reporter-output>
          </reporter-output>
        </test-method> <!-- test -->
      </class> <!-- Testpkg.testcls -->
    </test> <!-- Default test -->
  </suite> <!-- Default suite -->
</testng-results>
